colorpicker/build/outputs/logs/manifest-merger-debug-report.txt
-- Merging decision tree log ---
manifest
ADDED from src/main/AndroidManifest.xml:16:1-23:12
INJECTED from src/main/AndroidManifest.xml:16:1-23:12
INJECTED from src/main/AndroidManifest.xml:16:1-23:12
INJECTED from src/main/AndroidManifest.xml:16:1-23:12
INJECTED from src/main/AndroidManifest.xml:16:1-23:12
INJECTED from src/main/AndroidManifest.xml:16:1-23:12
INJECTED from src/main/AndroidManifest.xml:16:1-23:12
	package
		ADDED from src/main/AndroidManifest.xml:17:5-38
		INJECTED from src/main/AndroidManifest.xml
		INJECTED from src/main/AndroidManifest.xml
	android:versionName
		ADDED from src/main/AndroidManifest.xml:19:5-30
		INJECTED from src/main/AndroidManifest.xml
		INJECTED from src/main/AndroidManifest.xml
	xmlns:android
		ADDED from src/main/AndroidManifest.xml:16:11-69
	android:versionCode
		ADDED from src/main/AndroidManifest.xml:18:5-28
		INJECTED from src/main/AndroidManifest.xml
		INJECTED from src/main/AndroidManifest.xml
uses-sdk
ADDED from src/main/AndroidManifest.xml:20:5-22:41
INJECTED from src/main/AndroidManifest.xml:20:5-22:41
INJECTED from src/main/AndroidManifest.xml:20:5-22:41
INJECTED from src/main/AndroidManifest.xml:20:5-22:41
INJECTED from src/main/AndroidManifest.xml:20:5-22:41
	android:targetSdkVersion
		ADDED from src/main/AndroidManifest.xml:22:9-38
		INJECTED from src/main/AndroidManifest.xml
		INJECTED from src/main/AndroidManifest.xml
	android:minSdkVersion
		ADDED from src/main/AndroidManifest.xml:21:9-35
		INJECTED from src/main/AndroidManifest.xml
		INJECTED from src/main/AndroidManifest.xml